<?xml version="1.0" encoding="UTF-8"?>
<testsuites>
  <testsuite name="fastlane.lanes">
    
    
    
      
      <testcase classname="fastlane.lanes" name="0: Verifying fastlane version" time="0.005711">
        
      </testcase>
    
      
      <testcase classname="fastlane.lanes" name="1: default_platform" time="0.000952">
        
      </testcase>
    
      
      <testcase classname="fastlane.lanes" name="2: pod_push" time="3.26256">
        
          <failure message="/usr/local/lib/ruby/gems/2.5.0/gems/fastlane-2.85.0/fastlane/lib/fastlane/actions/actions_helper.rb:48:in `execute_action'&#10;/usr/local/lib/ruby/gems/2.5.0/gems/fastlane-2.85.0/fastlane/lib/fastlane/runner.rb:236:in `block in execute_action'&#10;/usr/local/lib/ruby/gems/2.5.0/gems/fastlane-2.85.0/fastlane/lib/fastlane/runner.rb:231:in `chdir'&#10;/usr/local/lib/ruby/gems/2.5.0/gems/fastlane-2.85.0/fastlane/lib/fastlane/runner.rb:231:in `execute_action'&#10;/usr/local/lib/ruby/gems/2.5.0/gems/fastlane-2.85.0/fastlane/lib/fastlane/runner.rb:157:in `trigger_action_by_name'&#10;/usr/local/lib/ruby/gems/2.5.0/gems/fastlane-2.85.0/fastlane/lib/fastlane/fast_file.rb:148:in `method_missing'&#10;Fastfile:18:in `block in parsing_binding'&#10;/usr/local/lib/ruby/gems/2.5.0/gems/fastlane-2.85.0/fastlane/lib/fastlane/lane.rb:33:in `call'&#10;/usr/local/lib/ruby/gems/2.5.0/gems/fastlane-2.85.0/fastlane/lib/fastlane/runner.rb:49:in `block in execute'&#10;/usr/local/lib/ruby/gems/2.5.0/gems/fastlane-2.85.0/fastlane/lib/fastlane/runner.rb:45:in `chdir'&#10;/usr/local/lib/ruby/gems/2.5.0/gems/fastlane-2.85.0/fastlane/lib/fastlane/runner.rb:45:in `execute'&#10;/usr/local/lib/ruby/gems/2.5.0/gems/fastlane-2.85.0/fastlane/lib/fastlane/lane_manager.rb:57:in `cruise_lane'&#10;/usr/local/lib/ruby/gems/2.5.0/gems/fastlane-2.85.0/fastlane/lib/fastlane/command_line_handler.rb:36:in `handle'&#10;/usr/local/lib/ruby/gems/2.5.0/gems/fastlane-2.85.0/fastlane/lib/fastlane/commands_generator.rb:108:in `block (2 levels) in run'&#10;/usr/local/lib/ruby/gems/2.5.0/gems/commander-fastlane-4.4.6/lib/commander/command.rb:178:in `call'&#10;/usr/local/lib/ruby/gems/2.5.0/gems/commander-fastlane-4.4.6/lib/commander/command.rb:153:in `run'&#10;/usr/local/lib/ruby/gems/2.5.0/gems/commander-fastlane-4.4.6/lib/commander/runner.rb:476:in `run_active_command'&#10;/usr/local/lib/ruby/gems/2.5.0/gems/fastlane-2.85.0/fastlane_core/lib/fastlane_core/ui/fastlane_runner.rb:75:in `run!'&#10;/usr/local/lib/ruby/gems/2.5.0/gems/commander-fastlane-4.4.6/lib/commander/delegates.rb:15:in `run!'&#10;/usr/local/lib/ruby/gems/2.5.0/gems/fastlane-2.85.0/fastlane/lib/fastlane/commands_generator.rb:333:in `run'&#10;/usr/local/lib/ruby/gems/2.5.0/gems/fastlane-2.85.0/fastlane/lib/fastlane/commands_generator.rb:42:in `start'&#10;/usr/local/lib/ruby/gems/2.5.0/gems/fastlane-2.85.0/fastlane/lib/fastlane/cli_tools_distributor.rb:98:in `take_off'&#10;/usr/local/lib/ruby/gems/2.5.0/gems/fastlane-2.85.0/bin/fastlane:20:in `&lt;top (required)&gt;'&#10;/usr/local/bin/fastlane:23:in `load'&#10;/usr/local/bin/fastlane:23:in `&lt;main&gt;'&#10;&#10;Exit status of command 'pod repo push youliao 'NewsFeedsSDK.podspec' --sources='https://github.com/NetEaseYouliao/Specs.git,https://github.com/CocoaPods/Specs.git' --allow-warnings --use-libraries' was 1 instead of 0.&#10;[33m&#10;Validating spec[0m&#10; -&gt; NewsFeedsSDK[31m -&gt; [0mNewsFeedsSDK (1.6.0)&#10;    - ERROR | [iOS] xcodebuild: Returned an unsuccessful exit code. You can use `--verbose` for more information.&#10;    - NOTE  | [iOS] xcodebuild:  clang: error: linker command failed with exit code 1 (use -v to see invocation)&#10;&#10;[31m[!] The `NewsFeedsSDK.podspec` specification does not validate.[0m&#10;" />
        
      </testcase>
    
  </testsuite>
</testsuites>
